{"uuid":"00679ee9-78d8-49f0-8e8d-3e3c2895e1c0","historyId":"e41988bbbdef24999f4bd0c0333b3d5f","fullName":"testcases.TaskTest.verifyTask","labels":[{"name":"package","value":"testcases.TaskTest"},{"name":"testClass","value":"testcases.TaskTest"},{"name":"testMethod","value":"verifyTask"},{"name":"parentSuite","value":"Suite Customer Test"},{"name":"suite","value":"Customer Test with Chrome browser"},{"name":"subSuite","value":"testcases.TaskTest"},{"name":"host","value":"VNNOT01519"},{"name":"thread","value":"14096@VNNOT01519.main(1)"},{"name":"framework","value":"testng"},{"name":"language","value":"java"},{"name":"epic","value":"Regression"},{"name":"owner","value":"Bin Tester"},{"name":"feature","value":"DMS"},{"name":"story","value":"Task"},{"name":"severity","value":"normal"}],"links":[{"name":"https://nashtech-global.atlassian.net/","type":"issue"},{"name":"https://crm.anhtester.com/admin/tasks","type":"custom"}],"name":"Verify can create & delete Task","status":"broken","statusDetails":{"known":false,"muted":false,"flaky":false,"message":"stale element reference: stale element not found in the current frame\n  (Session info: chrome=137.0.7151.122)\nFor documentation on this error, please visit: https://www.selenium.dev/documentation/webdriver/troubleshooting/errors#stale-element-reference-exception\nBuild info: version: '4.28.0', revision: 'ac342546e9'\nSystem info: os.name: 'Windows 11', os.arch: 'amd64', os.version: '10.0', java.version: '21.0.6'\nDriver info: org.openqa.selenium.chrome.ChromeDriver\nCommand: [ccc39e1c44184fddfd9c4681bd15c253, clickElement {id=f.4A0C5BFF71A4055D763E81A66BEBB4BE.d.5BF7D4E8145CDA75118CF8609018BE27.e.305}]\nCapabilities {acceptInsecureCerts: true, browserName: chrome, browserVersion: 137.0.7151.122, chrome: {chromedriverVersion: 137.0.7151.119 (e0ac9d12dff..., userDataDir: C:\\Users\\BINDAN~1\\AppData\\L...}, fedcm:accounts: true, goog:chromeOptions: {debuggerAddress: localhost:50132}, networkConnectionEnabled: false, pageLoadStrategy: normal, platformName: windows, proxy: Proxy(), se:cdp: ws://localhost:50132/devtoo..., se:cdpVersion: 137.0.7151.122, setWindowRect: true, strictFileInteractability: false, timeouts: {implicit: 0, pageLoad: 300000, script: 30000}, unhandledPromptBehavior: dismiss and notify, webauthn:extension:credBlob: true, webauthn:extension:largeBlob: true, webauthn:extension:minPinLength: true, webauthn:extension:prf: true, webauthn:virtualAuthenticators: true}\nElement: [[ChromeDriver: chrome on windows (ccc39e1c44184fddfd9c4681bd15c253)] -> xpath: //div[@class='modal-header task-single-header']//span[@aria-hidden='true'][normalize-space()='×']]\nSession ID: ccc39e1c44184fddfd9c4681bd15c253","trace":"org.openqa.selenium.StaleElementReferenceException: stale element reference: stale element not found in the current frame\n  (Session info: chrome=137.0.7151.122)\nFor documentation on this error, please visit: https://www.selenium.dev/documentation/webdriver/troubleshooting/errors#stale-element-reference-exception\nBuild info: version: '4.28.0', revision: 'ac342546e9'\nSystem info: os.name: 'Windows 11', os.arch: 'amd64', os.version: '10.0', java.version: '21.0.6'\nDriver info: org.openqa.selenium.chrome.ChromeDriver\nCommand: [ccc39e1c44184fddfd9c4681bd15c253, clickElement {id=f.4A0C5BFF71A4055D763E81A66BEBB4BE.d.5BF7D4E8145CDA75118CF8609018BE27.e.305}]\nCapabilities {acceptInsecureCerts: true, browserName: chrome, browserVersion: 137.0.7151.122, chrome: {chromedriverVersion: 137.0.7151.119 (e0ac9d12dff..., userDataDir: C:\\Users\\BINDAN~1\\AppData\\L...}, fedcm:accounts: true, goog:chromeOptions: {debuggerAddress: localhost:50132}, networkConnectionEnabled: false, pageLoadStrategy: normal, platformName: windows, proxy: Proxy(), se:cdp: ws://localhost:50132/devtoo..., se:cdpVersion: 137.0.7151.122, setWindowRect: true, strictFileInteractability: false, timeouts: {implicit: 0, pageLoad: 300000, script: 30000}, unhandledPromptBehavior: dismiss and notify, webauthn:extension:credBlob: true, webauthn:extension:largeBlob: true, webauthn:extension:minPinLength: true, webauthn:extension:prf: true, webauthn:virtualAuthenticators: true}\nElement: [[ChromeDriver: chrome on windows (ccc39e1c44184fddfd9c4681bd15c253)] -> xpath: //div[@class='modal-header task-single-header']//span[@aria-hidden='true'][normalize-space()='×']]\nSession ID: ccc39e1c44184fddfd9c4681bd15c253\r\n\tat java.base/jdk.internal.reflect.DirectConstructorHandleAccessor.newInstance(DirectConstructorHandleAccessor.java:62)\r\n\tat java.base/java.lang.reflect.Constructor.newInstanceWithCaller(Constructor.java:502)\r\n\tat java.base/java.lang.reflect.Constructor.newInstance(Constructor.java:486)\r\n\tat org.openqa.selenium.remote.ErrorCodec.decode(ErrorCodec.java:167)\r\n\tat org.openqa.selenium.remote.codec.w3c.W3CHttpResponseCodec.decode(W3CHttpResponseCodec.java:138)\r\n\tat org.openqa.selenium.remote.codec.w3c.W3CHttpResponseCodec.decode(W3CHttpResponseCodec.java:50)\r\n\tat org.openqa.selenium.remote.HttpCommandExecutor.execute(HttpCommandExecutor.java:215)\r\n\tat org.openqa.selenium.remote.service.DriverCommandExecutor.invokeExecute(DriverCommandExecutor.java:216)\r\n\tat org.openqa.selenium.remote.service.DriverCommandExecutor.execute(DriverCommandExecutor.java:174)\r\n\tat org.openqa.selenium.remote.RemoteWebDriver.execute(RemoteWebDriver.java:545)\r\n\tat org.openqa.selenium.remote.RemoteWebElement.execute(RemoteWebElement.java:223)\r\n\tat org.openqa.selenium.remote.RemoteWebElement.click(RemoteWebElement.java:76)\r\n\tat keywords.WebUI.clickElement(WebUI.java:217)\r\n\tat pages.TaskPage.markCompletedAndRefreshPage(TaskPage.java:160)\r\n\tat testcases.TaskTest.verifyTask(TaskTest.java:56)\r\n\tat java.base/jdk.internal.reflect.DirectMethodHandleAccessor.invoke(DirectMethodHandleAccessor.java:103)\r\n\tat java.base/java.lang.reflect.Method.invoke(Method.java:580)\r\n\tat org.testng.internal.invokers.MethodInvocationHelper.invokeMethod(MethodInvocationHelper.java:141)\r\n\tat org.testng.internal.invokers.TestInvoker.invokeMethod(TestInvoker.java:687)\r\n\tat org.testng.internal.invokers.TestInvoker.invokeTestMethod(TestInvoker.java:230)\r\n\tat org.testng.internal.invokers.MethodRunner.runInSequence(MethodRunner.java:63)\r\n\tat org.testng.internal.invokers.TestInvoker$MethodInvocationAgent.invoke(TestInvoker.java:995)\r\n\tat org.testng.internal.invokers.TestInvoker.invokeTestMethods(TestInvoker.java:203)\r\n\tat org.testng.internal.invokers.TestMethodWorker.invokeTestMethods(TestMethodWorker.java:154)\r\n\tat org.testng.internal.invokers.TestMethodWorker.run(TestMethodWorker.java:134)\r\n\tat java.base/java.util.ArrayList.forEach(ArrayList.java:1596)\r\n\tat org.testng.TestRunner.privateRun(TestRunner.java:741)\r\n\tat org.testng.TestRunner.run(TestRunner.java:616)\r\n\tat org.testng.SuiteRunner.runTest(SuiteRunner.java:421)\r\n\tat org.testng.SuiteRunner.runSequentially(SuiteRunner.java:413)\r\n\tat org.testng.SuiteRunner.privateRun(SuiteRunner.java:373)\r\n\tat org.testng.SuiteRunner.run(SuiteRunner.java:312)\r\n\tat org.testng.SuiteRunnerWorker.runSuite(SuiteRunnerWorker.java:52)\r\n\tat org.testng.SuiteRunnerWorker.run(SuiteRunnerWorker.java:95)\r\n\tat org.testng.TestNG.runSuitesSequentially(TestNG.java:1274)\r\n\tat org.testng.TestNG.runSuitesLocally(TestNG.java:1208)\r\n\tat org.testng.TestNG.runSuites(TestNG.java:1112)\r\n\tat org.testng.TestNG.run(TestNG.java:1079)\r\n\tat org.testng.remote.AbstractRemoteTestNG.run(AbstractRemoteTestNG.java:115)\r\n\tat org.testng.remote.RemoteTestNG.initAndRun(RemoteTestNG.java:293)\r\n\tat org.testng.remote.RemoteTestNG.main(RemoteTestNG.java:91)\r\n"},"stage":"finished","steps":[{"name":"Open URL: https://crm.anhtester.com/admin/authentication","status":"passed","stage":"finished","steps":[],"attachments":[],"parameters":[{"name":"url","value":"https://crm.anhtester.com/admin/authentication"}],"start":1751438179973,"stop":1751438180335},{"name":"Clear text on element By.xpath: //input[@id='email']","status":"passed","stage":"finished","steps":[],"attachments":[],"parameters":[{"name":"by","value":"By.xpath: //input[@id='email']"}],"start":1751438180809,"stop":1751438180947},{"name":"Clear text on element By.xpath: //input[@id='password']","status":"passed","stage":"finished","steps":[],"attachments":[],"parameters":[{"name":"by","value":"By.xpath: //input[@id='password']"}],"start":1751438180947,"stop":1751438181058},{"name":"Set text admin@example.com on element By.xpath: //input[@id='email']","status":"passed","stage":"finished","steps":[],"attachments":[],"parameters":[{"name":"by","value":"By.xpath: //input[@id='email']"},{"name":"value","value":"admin@example.com"}],"start":1751438181059,"stop":1751438181238},{"name":"Set text 123456 on element By.xpath: //input[@id='password']","status":"passed","stage":"finished","steps":[],"attachments":[],"parameters":[{"name":"by","value":"By.xpath: //input[@id='password']"},{"name":"value","value":"123456"}],"start":1751438181239,"stop":1751438181415},{"name":"Click on element By.xpath: //button[normalize-space()='Login']","status":"passed","stage":"finished","steps":[],"attachments":[],"parameters":[{"name":"by","value":"By.xpath: //button[normalize-space()='Login']"}],"start":1751438181415,"stop":1751438182068},{"name":"Get text of element By.xpath: (//span[normalize-space()='Invoices Awaiting Payment']/parent::div)/following-sibling::span","status":"passed","stage":"finished","steps":[],"attachments":[{"name":"==> TEXT: 0 / 2","source":"deb8b025-3797-44ff-a969-ad741d847752-attachment","type":"text/plain"}],"parameters":[{"name":"by","value":"By.xpath: (//span[normalize-space()='Invoices Awaiting Payment']/parent::div)/following-sibling::span"}],"start":1751438184842,"stop":1751438184898},{"name":"Click on element By.xpath: //span[normalize-space()='Tasks']","status":"passed","stage":"finished","steps":[],"attachments":[],"parameters":[{"name":"by","value":"By.xpath: //span[normalize-space()='Tasks']"}],"start":1751438184933,"stop":1751438185748},{"name":"Get text of element By.xpath: //span[normalize-space()='Tasks Summary']","status":"passed","stage":"finished","steps":[],"attachments":[{"name":"==> TEXT: Tasks Summary","source":"c3aa5ec4-f55c-4bc6-9b19-bf4cd0443096-attachment","type":"text/plain"}],"parameters":[{"name":"by","value":"By.xpath: //span[normalize-space()='Tasks Summary']"}],"start":1751438185828,"stop":1751438185880},{"name":"Click on element By.xpath: //i[@class='fa-solid fa-grip-vertical']","status":"passed","stage":"finished","steps":[],"attachments":[],"parameters":[{"name":"by","value":"By.xpath: //i[@class='fa-solid fa-grip-vertical']"}],"start":1751438186033,"stop":1751438186869},{"name":"Get text of element By.xpath: //body/div[@id='wrapper']/div[@class='content']/div[@class='row']/div[@class='col-md-12']/div[@id='kan-ban-tab']/div[@class='row']/div[@class='container-fluid']/div[@id='kan-ban']/ul[5]/li[1]/div[1]/div[1]","status":"passed","stage":"finished","steps":[],"attachments":[{"name":"==> TEXT: Complete - 0 Tasks","source":"b821855b-263c-432d-b1d3-bbb2a2e5a4e9-attachment","type":"text/plain"}],"parameters":[{"name":"by","value":"By.xpath: //body/div[@id='wrapper']/div[@class='content']/div[@class='row']/div[@class='col-md-12']/div[@id='kan-ban-tab']/div[@class='row']/div[@class='container-fluid']/div[@id='kan-ban']/ul[5]/li[1]/div[1]/div[1]"}],"start":1751438187542,"stop":1751438187653},{"name":"Click on element By.xpath: //a[normalize-space()='New Task']","status":"passed","stage":"finished","steps":[],"attachments":[],"parameters":[{"name":"by","value":"By.xpath: //a[normalize-space()='New Task']"}],"start":1751438187815,"stop":1751438188064},{"name":"Get text of element By.xpath: //h4[@id='myModalLabel']","status":"passed","stage":"finished","steps":[],"attachments":[{"name":"==> TEXT: Add new task","source":"32a183af-1ac8-47ed-ac3e-cd5746aa6275-attachment","type":"text/plain"}],"parameters":[{"name":"by","value":"By.xpath: //h4[@id='myModalLabel']"}],"start":1751438188650,"stop":1751438188950},{"name":"Get text of element By.xpath: //label[normalize-space()='Public']","status":"passed","stage":"finished","steps":[],"attachments":[{"name":"==> TEXT: Public","source":"af991e2a-0420-4bb9-a56d-9e30c19dc083-attachment","type":"text/plain"}],"parameters":[{"name":"by","value":"By.xpath: //label[normalize-space()='Public']"}],"start":1751438189056,"stop":1751438189141},{"name":"Get text of element By.xpath: //label[normalize-space()='Billable']","status":"passed","stage":"finished","steps":[],"attachments":[{"name":"==> TEXT: Billable","source":"8150ecd3-6042-4bff-be35-aad504695b66-attachment","type":"text/plain"}],"parameters":[{"name":"by","value":"By.xpath: //label[normalize-space()='Billable']"}],"start":1751438189230,"stop":1751438189357},{"name":"Set text Bin Task on element By.xpath: //input[@id='name']","status":"passed","stage":"finished","steps":[],"attachments":[],"parameters":[{"name":"by","value":"By.xpath: //input[@id='name']"},{"name":"value","value":"Bin Task"}],"start":1751438189414,"stop":1751438189565},{"name":"Click on element By.xpath: //button[normalize-space()='Save']","status":"passed","stage":"finished","steps":[],"attachments":[],"parameters":[{"name":"by","value":"By.xpath: //button[normalize-space()='Save']"}],"start":1751438189607,"stop":1751438189819},{"name":"Get text of element By.xpath: //span[@class='alert-title']","status":"passed","stage":"finished","steps":[],"attachments":[{"name":"==> TEXT: Task added successfully.","source":"8732b689-7910-4891-8422-ea2420436747-attachment","type":"text/plain"}],"parameters":[{"name":"by","value":"By.xpath: //span[@class='alert-title']"}],"start":1751438190693,"stop":1751438190812},{"name":"Get text of element By.xpath: //h4[@class='modal-title tw-flex tw-items-center']","status":"passed","stage":"finished","steps":[],"attachments":[{"name":"==> TEXT: Bin Task\nIn Progress","source":"9e78b305-bf31-4a16-ac6a-b9b5b3bba85a-attachment","type":"text/plain"}],"parameters":[{"name":"by","value":"By.xpath: //h4[@class='modal-title tw-flex tw-items-center']"}],"start":1751438190958,"stop":1751438191028},{"name":"Get text of element By.xpath: //span[@class='trigger pointer manual-popover text-has-action tw-text-neutral-800']","status":"passed","stage":"finished","steps":[],"attachments":[{"name":"==> TEXT: In Progress","source":"28421eea-4115-4911-9c33-3ef1d36ecdea-attachment","type":"text/plain"}],"parameters":[{"name":"by","value":"By.xpath: //span[@class='trigger pointer manual-popover text-has-action tw-text-neutral-800']"}],"start":1751438191116,"stop":1751438191216},{"name":"Click on element By.xpath: //i[@class='fa fa-check']","status":"passed","stage":"finished","steps":[],"attachments":[],"parameters":[{"name":"by","value":"By.xpath: //i[@class='fa fa-check']"}],"start":1751438191272,"stop":1751438191541},{"name":"Click on element By.xpath: //div[@class='modal-header task-single-header']//span[@aria-hidden='true'][normalize-space()='×']","status":"broken","statusDetails":{"known":false,"muted":false,"flaky":false,"message":"stale element reference: stale element not found in the current frame\n  (Session info: chrome=137.0.7151.122)\nFor documentation on this error, please visit: https://www.selenium.dev/documentation/webdriver/troubleshooting/errors#stale-element-reference-exception\nBuild info: version: '4.28.0', revision: 'ac342546e9'\nSystem info: os.name: 'Windows 11', os.arch: 'amd64', os.version: '10.0', java.version: '21.0.6'\nDriver info: org.openqa.selenium.chrome.ChromeDriver\nCommand: [ccc39e1c44184fddfd9c4681bd15c253, clickElement {id=f.4A0C5BFF71A4055D763E81A66BEBB4BE.d.5BF7D4E8145CDA75118CF8609018BE27.e.305}]\nCapabilities {acceptInsecureCerts: true, browserName: chrome, browserVersion: 137.0.7151.122, chrome: {chromedriverVersion: 137.0.7151.119 (e0ac9d12dff..., userDataDir: C:\\Users\\BINDAN~1\\AppData\\L...}, fedcm:accounts: true, goog:chromeOptions: {debuggerAddress: localhost:50132}, networkConnectionEnabled: false, pageLoadStrategy: normal, platformName: windows, proxy: Proxy(), se:cdp: ws://localhost:50132/devtoo..., se:cdpVersion: 137.0.7151.122, setWindowRect: true, strictFileInteractability: false, timeouts: {implicit: 0, pageLoad: 300000, script: 30000}, unhandledPromptBehavior: dismiss and notify, webauthn:extension:credBlob: true, webauthn:extension:largeBlob: true, webauthn:extension:minPinLength: true, webauthn:extension:prf: true, webauthn:virtualAuthenticators: true}\nElement: [[ChromeDriver: chrome on windows (ccc39e1c44184fddfd9c4681bd15c253)] -> xpath: //div[@class='modal-header task-single-header']//span[@aria-hidden='true'][normalize-space()='×']]\nSession ID: ccc39e1c44184fddfd9c4681bd15c253","trace":"org.openqa.selenium.StaleElementReferenceException: stale element reference: stale element not found in the current frame\n  (Session info: chrome=137.0.7151.122)\nFor documentation on this error, please visit: https://www.selenium.dev/documentation/webdriver/troubleshooting/errors#stale-element-reference-exception\nBuild info: version: '4.28.0', revision: 'ac342546e9'\nSystem info: os.name: 'Windows 11', os.arch: 'amd64', os.version: '10.0', java.version: '21.0.6'\nDriver info: org.openqa.selenium.chrome.ChromeDriver\nCommand: [ccc39e1c44184fddfd9c4681bd15c253, clickElement {id=f.4A0C5BFF71A4055D763E81A66BEBB4BE.d.5BF7D4E8145CDA75118CF8609018BE27.e.305}]\nCapabilities {acceptInsecureCerts: true, browserName: chrome, browserVersion: 137.0.7151.122, chrome: {chromedriverVersion: 137.0.7151.119 (e0ac9d12dff..., userDataDir: C:\\Users\\BINDAN~1\\AppData\\L...}, fedcm:accounts: true, goog:chromeOptions: {debuggerAddress: localhost:50132}, networkConnectionEnabled: false, pageLoadStrategy: normal, platformName: windows, proxy: Proxy(), se:cdp: ws://localhost:50132/devtoo..., se:cdpVersion: 137.0.7151.122, setWindowRect: true, strictFileInteractability: false, timeouts: {implicit: 0, pageLoad: 300000, script: 30000}, unhandledPromptBehavior: dismiss and notify, webauthn:extension:credBlob: true, webauthn:extension:largeBlob: true, webauthn:extension:minPinLength: true, webauthn:extension:prf: true, webauthn:virtualAuthenticators: true}\nElement: [[ChromeDriver: chrome on windows (ccc39e1c44184fddfd9c4681bd15c253)] -> xpath: //div[@class='modal-header task-single-header']//span[@aria-hidden='true'][normalize-space()='×']]\nSession ID: ccc39e1c44184fddfd9c4681bd15c253\r\n\tat java.base/jdk.internal.reflect.DirectConstructorHandleAccessor.newInstance(DirectConstructorHandleAccessor.java:62)\r\n\tat java.base/java.lang.reflect.Constructor.newInstanceWithCaller(Constructor.java:502)\r\n\tat java.base/java.lang.reflect.Constructor.newInstance(Constructor.java:486)\r\n\tat org.openqa.selenium.remote.ErrorCodec.decode(ErrorCodec.java:167)\r\n\tat org.openqa.selenium.remote.codec.w3c.W3CHttpResponseCodec.decode(W3CHttpResponseCodec.java:138)\r\n\tat org.openqa.selenium.remote.codec.w3c.W3CHttpResponseCodec.decode(W3CHttpResponseCodec.java:50)\r\n\tat org.openqa.selenium.remote.HttpCommandExecutor.execute(HttpCommandExecutor.java:215)\r\n\tat org.openqa.selenium.remote.service.DriverCommandExecutor.invokeExecute(DriverCommandExecutor.java:216)\r\n\tat org.openqa.selenium.remote.service.DriverCommandExecutor.execute(DriverCommandExecutor.java:174)\r\n\tat org.openqa.selenium.remote.RemoteWebDriver.execute(RemoteWebDriver.java:545)\r\n\tat org.openqa.selenium.remote.RemoteWebElement.execute(RemoteWebElement.java:223)\r\n\tat org.openqa.selenium.remote.RemoteWebElement.click(RemoteWebElement.java:76)\r\n\tat keywords.WebUI.clickElement(WebUI.java:217)\r\n\tat pages.TaskPage.markCompletedAndRefreshPage(TaskPage.java:160)\r\n\tat testcases.TaskTest.verifyTask(TaskTest.java:56)\r\n\tat java.base/jdk.internal.reflect.DirectMethodHandleAccessor.invoke(DirectMethodHandleAccessor.java:103)\r\n\tat java.base/java.lang.reflect.Method.invoke(Method.java:580)\r\n\tat org.testng.internal.invokers.MethodInvocationHelper.invokeMethod(MethodInvocationHelper.java:141)\r\n\tat org.testng.internal.invokers.TestInvoker.invokeMethod(TestInvoker.java:687)\r\n\tat org.testng.internal.invokers.TestInvoker.invokeTestMethod(TestInvoker.java:230)\r\n\tat org.testng.internal.invokers.MethodRunner.runInSequence(MethodRunner.java:63)\r\n\tat org.testng.internal.invokers.TestInvoker$MethodInvocationAgent.invoke(TestInvoker.java:995)\r\n\tat org.testng.internal.invokers.TestInvoker.invokeTestMethods(TestInvoker.java:203)\r\n\tat org.testng.internal.invokers.TestMethodWorker.invokeTestMethods(TestMethodWorker.java:154)\r\n\tat org.testng.internal.invokers.TestMethodWorker.run(TestMethodWorker.java:134)\r\n\tat java.base/java.util.ArrayList.forEach(ArrayList.java:1596)\r\n\tat org.testng.TestRunner.privateRun(TestRunner.java:741)\r\n\tat org.testng.TestRunner.run(TestRunner.java:616)\r\n\tat org.testng.SuiteRunner.runTest(SuiteRunner.java:421)\r\n\tat org.testng.SuiteRunner.runSequentially(SuiteRunner.java:413)\r\n\tat org.testng.SuiteRunner.privateRun(SuiteRunner.java:373)\r\n\tat org.testng.SuiteRunner.run(SuiteRunner.java:312)\r\n\tat org.testng.SuiteRunnerWorker.runSuite(SuiteRunnerWorker.java:52)\r\n\tat org.testng.SuiteRunnerWorker.run(SuiteRunnerWorker.java:95)\r\n\tat org.testng.TestNG.runSuitesSequentially(TestNG.java:1274)\r\n\tat org.testng.TestNG.runSuitesLocally(TestNG.java:1208)\r\n\tat org.testng.TestNG.runSuites(TestNG.java:1112)\r\n\tat org.testng.TestNG.run(TestNG.java:1079)\r\n\tat org.testng.remote.AbstractRemoteTestNG.run(AbstractRemoteTestNG.java:115)\r\n\tat org.testng.remote.RemoteTestNG.initAndRun(RemoteTestNG.java:293)\r\n\tat org.testng.remote.RemoteTestNG.main(RemoteTestNG.java:91)\r\n"},"stage":"finished","steps":[],"attachments":[],"parameters":[{"name":"by","value":"By.xpath: //div[@class='modal-header task-single-header']//span[@aria-hidden='true'][normalize-space()='×']"}],"start":1751438191587,"stop":1751438191793}],"attachments":[],"parameters":[{"name":"browser","value":"chrome"}],"start":1751438179972,"stop":1751438191806}