{"uuid":"3a4a61f0-53f9-4458-a820-f5da1215f9dc","historyId":"e41988bbbdef24999f4bd0c0333b3d5f","fullName":"testcases.TaskTest.verifyTask","labels":[{"name":"package","value":"testcases.TaskTest"},{"name":"testClass","value":"testcases.TaskTest"},{"name":"testMethod","value":"verifyTask"},{"name":"parentSuite","value":"Suite Customer Test"},{"name":"suite","value":"Customer Test with Chrome browser"},{"name":"subSuite","value":"testcases.TaskTest"},{"name":"host","value":"VNNOT01519"},{"name":"thread","value":"41516@VNNOT01519.main(1)"},{"name":"framework","value":"testng"},{"name":"language","value":"java"},{"name":"epic","value":"Regression"},{"name":"owner","value":"Bin Tester"},{"name":"feature","value":"DMS"},{"name":"story","value":"Task"},{"name":"severity","value":"normal"}],"links":[{"name":"https://nashtech-global.atlassian.net/","type":"issue"},{"name":"https://crm.anhtester.com/admin/tasks","type":"custom"}],"name":"Verify can create & delete Task","status":"broken","statusDetails":{"known":false,"muted":false,"flaky":false,"message":"stale element reference: stale element not found in the current frame\n  (Session info: chrome=137.0.7151.122)\nFor documentation on this error, please visit: https://www.selenium.dev/documentation/webdriver/troubleshooting/errors#stale-element-reference-exception\nBuild info: version: '4.28.0', revision: 'ac342546e9'\nSystem info: os.name: 'Windows 11', os.arch: 'amd64', os.version: '10.0', java.version: '21.0.6'\nDriver info: org.openqa.selenium.chrome.ChromeDriver\nCommand: [324c9bcabb36213e99c09b1db89e3299, clickElement {id=f.8BAFE573D9A247477AC5E128D78A227E.d.17DAED069FEF6799E17F6321D19985DF.e.300}]\nCapabilities {acceptInsecureCerts: true, browserName: chrome, browserVersion: 137.0.7151.122, chrome: {chromedriverVersion: 137.0.7151.119 (e0ac9d12dff..., userDataDir: C:\\Users\\BINDAN~1\\AppData\\L...}, fedcm:accounts: true, goog:chromeOptions: {debuggerAddress: localhost:50327}, networkConnectionEnabled: false, pageLoadStrategy: normal, platformName: windows, proxy: Proxy(), se:cdp: ws://localhost:50327/devtoo..., se:cdpVersion: 137.0.7151.122, setWindowRect: true, strictFileInteractability: false, timeouts: {implicit: 0, pageLoad: 300000, script: 30000}, unhandledPromptBehavior: dismiss and notify, webauthn:extension:credBlob: true, webauthn:extension:largeBlob: true, webauthn:extension:minPinLength: true, webauthn:extension:prf: true, webauthn:virtualAuthenticators: true}\nElement: [[ChromeDriver: chrome on windows (324c9bcabb36213e99c09b1db89e3299)] -> xpath: //div[@class='modal-header task-single-header']//span[@aria-hidden='true'][normalize-space()='×']]\nSession ID: 324c9bcabb36213e99c09b1db89e3299","trace":"org.openqa.selenium.StaleElementReferenceException: stale element reference: stale element not found in the current frame\n  (Session info: chrome=137.0.7151.122)\nFor documentation on this error, please visit: https://www.selenium.dev/documentation/webdriver/troubleshooting/errors#stale-element-reference-exception\nBuild info: version: '4.28.0', revision: 'ac342546e9'\nSystem info: os.name: 'Windows 11', os.arch: 'amd64', os.version: '10.0', java.version: '21.0.6'\nDriver info: org.openqa.selenium.chrome.ChromeDriver\nCommand: [324c9bcabb36213e99c09b1db89e3299, clickElement {id=f.8BAFE573D9A247477AC5E128D78A227E.d.17DAED069FEF6799E17F6321D19985DF.e.300}]\nCapabilities {acceptInsecureCerts: true, browserName: chrome, browserVersion: 137.0.7151.122, chrome: {chromedriverVersion: 137.0.7151.119 (e0ac9d12dff..., userDataDir: C:\\Users\\BINDAN~1\\AppData\\L...}, fedcm:accounts: true, goog:chromeOptions: {debuggerAddress: localhost:50327}, networkConnectionEnabled: false, pageLoadStrategy: normal, platformName: windows, proxy: Proxy(), se:cdp: ws://localhost:50327/devtoo..., se:cdpVersion: 137.0.7151.122, setWindowRect: true, strictFileInteractability: false, timeouts: {implicit: 0, pageLoad: 300000, script: 30000}, unhandledPromptBehavior: dismiss and notify, webauthn:extension:credBlob: true, webauthn:extension:largeBlob: true, webauthn:extension:minPinLength: true, webauthn:extension:prf: true, webauthn:virtualAuthenticators: true}\nElement: [[ChromeDriver: chrome on windows (324c9bcabb36213e99c09b1db89e3299)] -> xpath: //div[@class='modal-header task-single-header']//span[@aria-hidden='true'][normalize-space()='×']]\nSession ID: 324c9bcabb36213e99c09b1db89e3299\r\n\tat java.base/jdk.internal.reflect.DirectConstructorHandleAccessor.newInstance(DirectConstructorHandleAccessor.java:62)\r\n\tat java.base/java.lang.reflect.Constructor.newInstanceWithCaller(Constructor.java:502)\r\n\tat java.base/java.lang.reflect.Constructor.newInstance(Constructor.java:486)\r\n\tat org.openqa.selenium.remote.ErrorCodec.decode(ErrorCodec.java:167)\r\n\tat org.openqa.selenium.remote.codec.w3c.W3CHttpResponseCodec.decode(W3CHttpResponseCodec.java:138)\r\n\tat org.openqa.selenium.remote.codec.w3c.W3CHttpResponseCodec.decode(W3CHttpResponseCodec.java:50)\r\n\tat org.openqa.selenium.remote.HttpCommandExecutor.execute(HttpCommandExecutor.java:215)\r\n\tat org.openqa.selenium.remote.service.DriverCommandExecutor.invokeExecute(DriverCommandExecutor.java:216)\r\n\tat org.openqa.selenium.remote.service.DriverCommandExecutor.execute(DriverCommandExecutor.java:174)\r\n\tat org.openqa.selenium.remote.RemoteWebDriver.execute(RemoteWebDriver.java:545)\r\n\tat org.openqa.selenium.remote.RemoteWebElement.execute(RemoteWebElement.java:223)\r\n\tat org.openqa.selenium.remote.RemoteWebElement.click(RemoteWebElement.java:76)\r\n\tat keywords.WebUI.clickElement(WebUI.java:217)\r\n\tat pages.TaskPage.markCompletedAndRefreshPage(TaskPage.java:160)\r\n\tat testcases.TaskTest.verifyTask(TaskTest.java:56)\r\n\tat java.base/jdk.internal.reflect.DirectMethodHandleAccessor.invoke(DirectMethodHandleAccessor.java:103)\r\n\tat java.base/java.lang.reflect.Method.invoke(Method.java:580)\r\n\tat org.testng.internal.invokers.MethodInvocationHelper.invokeMethod(MethodInvocationHelper.java:141)\r\n\tat org.testng.internal.invokers.TestInvoker.invokeMethod(TestInvoker.java:687)\r\n\tat org.testng.internal.invokers.TestInvoker.invokeTestMethod(TestInvoker.java:230)\r\n\tat org.testng.internal.invokers.MethodRunner.runInSequence(MethodRunner.java:63)\r\n\tat org.testng.internal.invokers.TestInvoker$MethodInvocationAgent.invoke(TestInvoker.java:995)\r\n\tat org.testng.internal.invokers.TestInvoker.invokeTestMethods(TestInvoker.java:203)\r\n\tat org.testng.internal.invokers.TestMethodWorker.invokeTestMethods(TestMethodWorker.java:154)\r\n\tat org.testng.internal.invokers.TestMethodWorker.run(TestMethodWorker.java:134)\r\n\tat java.base/java.util.ArrayList.forEach(ArrayList.java:1596)\r\n\tat org.testng.TestRunner.privateRun(TestRunner.java:741)\r\n\tat org.testng.TestRunner.run(TestRunner.java:616)\r\n\tat org.testng.SuiteRunner.runTest(SuiteRunner.java:421)\r\n\tat org.testng.SuiteRunner.runSequentially(SuiteRunner.java:413)\r\n\tat org.testng.SuiteRunner.privateRun(SuiteRunner.java:373)\r\n\tat org.testng.SuiteRunner.run(SuiteRunner.java:312)\r\n\tat org.testng.SuiteRunnerWorker.runSuite(SuiteRunnerWorker.java:52)\r\n\tat org.testng.SuiteRunnerWorker.run(SuiteRunnerWorker.java:95)\r\n\tat org.testng.TestNG.runSuitesSequentially(TestNG.java:1274)\r\n\tat org.testng.TestNG.runSuitesLocally(TestNG.java:1208)\r\n\tat org.testng.TestNG.runSuites(TestNG.java:1112)\r\n\tat org.testng.TestNG.run(TestNG.java:1079)\r\n\tat org.testng.remote.AbstractRemoteTestNG.run(AbstractRemoteTestNG.java:115)\r\n\tat org.testng.remote.RemoteTestNG.initAndRun(RemoteTestNG.java:293)\r\n\tat org.testng.remote.RemoteTestNG.main(RemoteTestNG.java:91)\r\n"},"stage":"finished","steps":[{"name":"Open URL: https://crm.anhtester.com/admin/authentication","status":"passed","stage":"finished","steps":[],"attachments":[],"parameters":[{"name":"url","value":"https://crm.anhtester.com/admin/authentication"}],"start":1751438528561,"stop":1751438528956},{"name":"Clear text on element By.xpath: //input[@id='email']","status":"passed","stage":"finished","steps":[],"attachments":[],"parameters":[{"name":"by","value":"By.xpath: //input[@id='email']"}],"start":1751438529435,"stop":1751438529648},{"name":"Clear text on element By.xpath: //input[@id='password']","status":"passed","stage":"finished","steps":[],"attachments":[],"parameters":[{"name":"by","value":"By.xpath: //input[@id='password']"}],"start":1751438529649,"stop":1751438529771},{"name":"Set text admin@example.com on element By.xpath: //input[@id='email']","status":"passed","stage":"finished","steps":[],"attachments":[],"parameters":[{"name":"by","value":"By.xpath: //input[@id='email']"},{"name":"value","value":"admin@example.com"}],"start":1751438529772,"stop":1751438529937},{"name":"Set text 123456 on element By.xpath: //input[@id='password']","status":"passed","stage":"finished","steps":[],"attachments":[],"parameters":[{"name":"by","value":"By.xpath: //input[@id='password']"},{"name":"value","value":"123456"}],"start":1751438529938,"stop":1751438530065},{"name":"Click on element By.xpath: //button[normalize-space()='Login']","status":"passed","stage":"finished","steps":[],"attachments":[],"parameters":[{"name":"by","value":"By.xpath: //button[normalize-space()='Login']"}],"start":1751438530065,"stop":1751438530231},{"name":"Get text of element By.xpath: (//span[normalize-space()='Invoices Awaiting Payment']/parent::div)/following-sibling::span","status":"passed","stage":"finished","steps":[],"attachments":[{"name":"==> TEXT: 0 / 2","source":"5489da2f-b159-4a47-bd0b-f1c15d1a6fb2-attachment","type":"text/plain"}],"parameters":[{"name":"by","value":"By.xpath: (//span[normalize-space()='Invoices Awaiting Payment']/parent::div)/following-sibling::span"}],"start":1751438533659,"stop":1751438533712},{"name":"Click on element By.xpath: //span[normalize-space()='Tasks']","status":"passed","stage":"finished","steps":[],"attachments":[],"parameters":[{"name":"by","value":"By.xpath: //span[normalize-space()='Tasks']"}],"start":1751438533743,"stop":1751438534496},{"name":"Get text of element By.xpath: //span[normalize-space()='Tasks Summary']","status":"passed","stage":"finished","steps":[],"attachments":[{"name":"==> TEXT: Tasks Summary","source":"e236863b-e370-4064-ab0f-223731387186-attachment","type":"text/plain"}],"parameters":[{"name":"by","value":"By.xpath: //span[normalize-space()='Tasks Summary']"}],"start":1751438534565,"stop":1751438534623},{"name":"Click on element By.xpath: //i[@class='fa-solid fa-grip-vertical']","status":"passed","stage":"finished","steps":[],"attachments":[],"parameters":[{"name":"by","value":"By.xpath: //i[@class='fa-solid fa-grip-vertical']"}],"start":1751438534760,"stop":1751438535539},{"name":"Get text of element By.xpath: //body/div[@id='wrapper']/div[@class='content']/div[@class='row']/div[@class='col-md-12']/div[@id='kan-ban-tab']/div[@class='row']/div[@class='container-fluid']/div[@id='kan-ban']/ul[5]/li[1]/div[1]/div[1]","status":"passed","stage":"finished","steps":[],"attachments":[{"name":"==> TEXT: Complete - 0 Tasks","source":"755904ac-233c-4174-bebc-f846a1f74ba8-attachment","type":"text/plain"}],"parameters":[{"name":"by","value":"By.xpath: //body/div[@id='wrapper']/div[@class='content']/div[@class='row']/div[@class='col-md-12']/div[@id='kan-ban-tab']/div[@class='row']/div[@class='container-fluid']/div[@id='kan-ban']/ul[5]/li[1]/div[1]/div[1]"}],"start":1751438536123,"stop":1751438536164},{"name":"Click on element By.xpath: //a[normalize-space()='New Task']","status":"passed","stage":"finished","steps":[],"attachments":[],"parameters":[{"name":"by","value":"By.xpath: //a[normalize-space()='New Task']"}],"start":1751438536196,"stop":1751438536342},{"name":"Get text of element By.xpath: //h4[@id='myModalLabel']","status":"passed","stage":"finished","steps":[],"attachments":[{"name":"==> TEXT: Add new task","source":"54ad4676-ecdf-4c41-8a8e-18fe7610cd06-attachment","type":"text/plain"}],"parameters":[{"name":"by","value":"By.xpath: //h4[@id='myModalLabel']"}],"start":1751438537042,"stop":1751438537145},{"name":"Get text of element By.xpath: //label[normalize-space()='Public']","status":"passed","stage":"finished","steps":[],"attachments":[{"name":"==> TEXT: Public","source":"ab008251-86d9-4005-a565-b183ca103911-attachment","type":"text/plain"}],"parameters":[{"name":"by","value":"By.xpath: //label[normalize-space()='Public']"}],"start":1751438537279,"stop":1751438537333},{"name":"Get text of element By.xpath: //label[normalize-space()='Billable']","status":"passed","stage":"finished","steps":[],"attachments":[{"name":"==> TEXT: Billable","source":"26052fc6-cfe8-4db8-aa10-67940e6af7ea-attachment","type":"text/plain"}],"parameters":[{"name":"by","value":"By.xpath: //label[normalize-space()='Billable']"}],"start":1751438537429,"stop":1751438537483},{"name":"Set text Bin Task on element By.xpath: //input[@id='name']","status":"passed","stage":"finished","steps":[],"attachments":[],"parameters":[{"name":"by","value":"By.xpath: //input[@id='name']"},{"name":"value","value":"Bin Task"}],"start":1751438537523,"stop":1751438537631},{"name":"Click on element By.xpath: //button[normalize-space()='Save']","status":"passed","stage":"finished","steps":[],"attachments":[],"parameters":[{"name":"by","value":"By.xpath: //button[normalize-space()='Save']"}],"start":1751438537696,"stop":1751438537898},{"name":"Get text of element By.xpath: //span[@class='alert-title']","status":"passed","stage":"finished","steps":[],"attachments":[{"name":"==> TEXT: Task added successfully.","source":"ac20712e-3971-41c3-9120-a77d7bb720c5-attachment","type":"text/plain"}],"parameters":[{"name":"by","value":"By.xpath: //span[@class='alert-title']"}],"start":1751438538483,"stop":1751438538715},{"name":"Get text of element By.xpath: //h4[@class='modal-title tw-flex tw-items-center']","status":"passed","stage":"finished","steps":[],"attachments":[{"name":"==> TEXT: Bin Task\nIn Progress","source":"7d161981-0b3d-440a-ab39-1498e9570b34-attachment","type":"text/plain"}],"parameters":[{"name":"by","value":"By.xpath: //h4[@class='modal-title tw-flex tw-items-center']"}],"start":1751438539337,"stop":1751438539392},{"name":"Get text of element By.xpath: //span[@class='trigger pointer manual-popover text-has-action tw-text-neutral-800']","status":"passed","stage":"finished","steps":[],"attachments":[{"name":"==> TEXT: In Progress","source":"fbd32b3e-ca35-4f75-a87f-4885f443c911-attachment","type":"text/plain"}],"parameters":[{"name":"by","value":"By.xpath: //span[@class='trigger pointer manual-popover text-has-action tw-text-neutral-800']"}],"start":1751438539443,"stop":1751438539487},{"name":"Click on element By.xpath: //i[@class='fa fa-check']","status":"passed","stage":"finished","steps":[],"attachments":[],"parameters":[{"name":"by","value":"By.xpath: //i[@class='fa fa-check']"}],"start":1751438539533,"stop":1751438539659},{"name":"Click on element By.xpath: //div[@class='modal-header task-single-header']//span[@aria-hidden='true'][normalize-space()='×']","status":"broken","statusDetails":{"known":false,"muted":false,"flaky":false,"message":"stale element reference: stale element not found in the current frame\n  (Session info: chrome=137.0.7151.122)\nFor documentation on this error, please visit: https://www.selenium.dev/documentation/webdriver/troubleshooting/errors#stale-element-reference-exception\nBuild info: version: '4.28.0', revision: 'ac342546e9'\nSystem info: os.name: 'Windows 11', os.arch: 'amd64', os.version: '10.0', java.version: '21.0.6'\nDriver info: org.openqa.selenium.chrome.ChromeDriver\nCommand: [324c9bcabb36213e99c09b1db89e3299, clickElement {id=f.8BAFE573D9A247477AC5E128D78A227E.d.17DAED069FEF6799E17F6321D19985DF.e.300}]\nCapabilities {acceptInsecureCerts: true, browserName: chrome, browserVersion: 137.0.7151.122, chrome: {chromedriverVersion: 137.0.7151.119 (e0ac9d12dff..., userDataDir: C:\\Users\\BINDAN~1\\AppData\\L...}, fedcm:accounts: true, goog:chromeOptions: {debuggerAddress: localhost:50327}, networkConnectionEnabled: false, pageLoadStrategy: normal, platformName: windows, proxy: Proxy(), se:cdp: ws://localhost:50327/devtoo..., se:cdpVersion: 137.0.7151.122, setWindowRect: true, strictFileInteractability: false, timeouts: {implicit: 0, pageLoad: 300000, script: 30000}, unhandledPromptBehavior: dismiss and notify, webauthn:extension:credBlob: true, webauthn:extension:largeBlob: true, webauthn:extension:minPinLength: true, webauthn:extension:prf: true, webauthn:virtualAuthenticators: true}\nElement: [[ChromeDriver: chrome on windows (324c9bcabb36213e99c09b1db89e3299)] -> xpath: //div[@class='modal-header task-single-header']//span[@aria-hidden='true'][normalize-space()='×']]\nSession ID: 324c9bcabb36213e99c09b1db89e3299","trace":"org.openqa.selenium.StaleElementReferenceException: stale element reference: stale element not found in the current frame\n  (Session info: chrome=137.0.7151.122)\nFor documentation on this error, please visit: https://www.selenium.dev/documentation/webdriver/troubleshooting/errors#stale-element-reference-exception\nBuild info: version: '4.28.0', revision: 'ac342546e9'\nSystem info: os.name: 'Windows 11', os.arch: 'amd64', os.version: '10.0', java.version: '21.0.6'\nDriver info: org.openqa.selenium.chrome.ChromeDriver\nCommand: [324c9bcabb36213e99c09b1db89e3299, clickElement {id=f.8BAFE573D9A247477AC5E128D78A227E.d.17DAED069FEF6799E17F6321D19985DF.e.300}]\nCapabilities {acceptInsecureCerts: true, browserName: chrome, browserVersion: 137.0.7151.122, chrome: {chromedriverVersion: 137.0.7151.119 (e0ac9d12dff..., userDataDir: C:\\Users\\BINDAN~1\\AppData\\L...}, fedcm:accounts: true, goog:chromeOptions: {debuggerAddress: localhost:50327}, networkConnectionEnabled: false, pageLoadStrategy: normal, platformName: windows, proxy: Proxy(), se:cdp: ws://localhost:50327/devtoo..., se:cdpVersion: 137.0.7151.122, setWindowRect: true, strictFileInteractability: false, timeouts: {implicit: 0, pageLoad: 300000, script: 30000}, unhandledPromptBehavior: dismiss and notify, webauthn:extension:credBlob: true, webauthn:extension:largeBlob: true, webauthn:extension:minPinLength: true, webauthn:extension:prf: true, webauthn:virtualAuthenticators: true}\nElement: [[ChromeDriver: chrome on windows (324c9bcabb36213e99c09b1db89e3299)] -> xpath: //div[@class='modal-header task-single-header']//span[@aria-hidden='true'][normalize-space()='×']]\nSession ID: 324c9bcabb36213e99c09b1db89e3299\r\n\tat java.base/jdk.internal.reflect.DirectConstructorHandleAccessor.newInstance(DirectConstructorHandleAccessor.java:62)\r\n\tat java.base/java.lang.reflect.Constructor.newInstanceWithCaller(Constructor.java:502)\r\n\tat java.base/java.lang.reflect.Constructor.newInstance(Constructor.java:486)\r\n\tat org.openqa.selenium.remote.ErrorCodec.decode(ErrorCodec.java:167)\r\n\tat org.openqa.selenium.remote.codec.w3c.W3CHttpResponseCodec.decode(W3CHttpResponseCodec.java:138)\r\n\tat org.openqa.selenium.remote.codec.w3c.W3CHttpResponseCodec.decode(W3CHttpResponseCodec.java:50)\r\n\tat org.openqa.selenium.remote.HttpCommandExecutor.execute(HttpCommandExecutor.java:215)\r\n\tat org.openqa.selenium.remote.service.DriverCommandExecutor.invokeExecute(DriverCommandExecutor.java:216)\r\n\tat org.openqa.selenium.remote.service.DriverCommandExecutor.execute(DriverCommandExecutor.java:174)\r\n\tat org.openqa.selenium.remote.RemoteWebDriver.execute(RemoteWebDriver.java:545)\r\n\tat org.openqa.selenium.remote.RemoteWebElement.execute(RemoteWebElement.java:223)\r\n\tat org.openqa.selenium.remote.RemoteWebElement.click(RemoteWebElement.java:76)\r\n\tat keywords.WebUI.clickElement(WebUI.java:217)\r\n\tat pages.TaskPage.markCompletedAndRefreshPage(TaskPage.java:160)\r\n\tat testcases.TaskTest.verifyTask(TaskTest.java:56)\r\n\tat java.base/jdk.internal.reflect.DirectMethodHandleAccessor.invoke(DirectMethodHandleAccessor.java:103)\r\n\tat java.base/java.lang.reflect.Method.invoke(Method.java:580)\r\n\tat org.testng.internal.invokers.MethodInvocationHelper.invokeMethod(MethodInvocationHelper.java:141)\r\n\tat org.testng.internal.invokers.TestInvoker.invokeMethod(TestInvoker.java:687)\r\n\tat org.testng.internal.invokers.TestInvoker.invokeTestMethod(TestInvoker.java:230)\r\n\tat org.testng.internal.invokers.MethodRunner.runInSequence(MethodRunner.java:63)\r\n\tat org.testng.internal.invokers.TestInvoker$MethodInvocationAgent.invoke(TestInvoker.java:995)\r\n\tat org.testng.internal.invokers.TestInvoker.invokeTestMethods(TestInvoker.java:203)\r\n\tat org.testng.internal.invokers.TestMethodWorker.invokeTestMethods(TestMethodWorker.java:154)\r\n\tat org.testng.internal.invokers.TestMethodWorker.run(TestMethodWorker.java:134)\r\n\tat java.base/java.util.ArrayList.forEach(ArrayList.java:1596)\r\n\tat org.testng.TestRunner.privateRun(TestRunner.java:741)\r\n\tat org.testng.TestRunner.run(TestRunner.java:616)\r\n\tat org.testng.SuiteRunner.runTest(SuiteRunner.java:421)\r\n\tat org.testng.SuiteRunner.runSequentially(SuiteRunner.java:413)\r\n\tat org.testng.SuiteRunner.privateRun(SuiteRunner.java:373)\r\n\tat org.testng.SuiteRunner.run(SuiteRunner.java:312)\r\n\tat org.testng.SuiteRunnerWorker.runSuite(SuiteRunnerWorker.java:52)\r\n\tat org.testng.SuiteRunnerWorker.run(SuiteRunnerWorker.java:95)\r\n\tat org.testng.TestNG.runSuitesSequentially(TestNG.java:1274)\r\n\tat org.testng.TestNG.runSuitesLocally(TestNG.java:1208)\r\n\tat org.testng.TestNG.runSuites(TestNG.java:1112)\r\n\tat org.testng.TestNG.run(TestNG.java:1079)\r\n\tat org.testng.remote.AbstractRemoteTestNG.run(AbstractRemoteTestNG.java:115)\r\n\tat org.testng.remote.RemoteTestNG.initAndRun(RemoteTestNG.java:293)\r\n\tat org.testng.remote.RemoteTestNG.main(RemoteTestNG.java:91)\r\n"},"stage":"finished","steps":[],"attachments":[],"parameters":[{"name":"by","value":"By.xpath: //div[@class='modal-header task-single-header']//span[@aria-hidden='true'][normalize-space()='×']"}],"start":1751438539698,"stop":1751438539917}],"attachments":[],"parameters":[{"name":"browser","value":"chrome"}],"start":1751438528558,"stop":1751438539919}